<?xml version="1.0" encoding="UTF-8"?>
<!-- Generated by org.testng.reporters.JUnitXMLReporter -->
<testsuite hostname="DESKTOP-DHGB96Q" ignored="0" name="Web Tests" tests="11" failures="1" timestamp="2023-09-17T13:01:43 IDT" time="84.425" errors="0">
  <testcase name="test01_verifyNumberOfProducts" time="0.735" classname="sanity.SauceDemoWeb"/>
  <testcase name="test02_verifyPriceOfMostExpensiveItem" time="0.657" classname="sanity.SauceDemoWeb"/>
  <testcase name="test03_verifyTotalPrice" time="2.999" classname="sanity.SauceDemoWeb"/>
  <testcase name="test04_verifyAddedProductsNumber" time="3.59" classname="sanity.SauceDemoWeb"/>
  <testcase name="test05_verifySocialButtonAreVisible" time="0.85" classname="sanity.SauceDemoWeb"/>
  <testcase name="test06_verifyRemovalAllProducts" time="22.376" classname="sanity.SauceDemoWeb"/>
  <testcase name="test07_verifyAddedProductsNumber" time="1.836" classname="sanity.SauceDemoWeb"/>
  <testcase name="test8_verifyCartIcon" time="0.046" classname="sanity.SauceDemoWeb">
    <failure type="java.lang.AssertionError" message="Error Comparing Image File: FindFailed: C:\\Automation\\JavaCourse\\Projects\\FinalProject\\FinalProject\\ImageRepository\\SauceDemoCart.png: (0x0) in R[0,0 1280x1024]@S(0)
  Line 2287, in file Region.java
">
      <![CDATA[java.lang.AssertionError: Error Comparing Image File: FindFailed: C:\\Automation\\JavaCourse\\Projects\\FinalProject\\FinalProject\\ImageRepository\\SauceDemoCart.png: (0x0) in R[0,0 1280x1024]@S(0)
  Line 2287, in file Region.java

at extensions.Verifications.visualElement(Verifications.java:49)
at sanity.SauceDemoWeb.test8_verifyCartIcon(SauceDemoWeb.java:90)
at java.util.ArrayList.forEach(ArrayList.java:1257)
... Removed 32 stack frames]]>
    </failure>
  </testcase> <!-- test8_verifyCartIcon -->
  <testcase name="test9_verifyLogInErrors" time="1.078" classname="sanity.SauceDemoWebTestLogin"/>
  <testcase name="test9_verifyLogInErrors" time="0.88" classname="sanity.SauceDemoWebTestLogin"/>
  <testcase name="test9_verifyLogInErrors" time="1.004" classname="sanity.SauceDemoWebTestLogin"/>
</testsuite> <!-- Web Tests -->
