{"uid":"2f69e9e6930198b7","name":"Test08 - Verify image of the cart icon","fullName":"sanity.SauceDemoWeb.test8_verifyCartIcon","historyId":"2c461c818148318b4a58a4538d904f6f","time":{"start":1696413669300,"stop":1696413686559,"duration":17259},"description":"This test verify the cart image icon using sikuli tool","descriptionHtml":"<p>This test verify the cart image icon using sikuli tool</p>\n","status":"failed","statusMessage":"Error Comparing Image File: FindFailed: C:\\\\Automation\\\\Projects\\\\FinalProject\\\\ImageRepository\\\\SauceDemoCart.png: (59x67) in R[0,0 1280x1024]@S(0)\n  Line 2287, in file Region.java\n","statusTrace":"java.lang.AssertionError: Error Comparing Image File: FindFailed: C:\\\\Automation\\\\Projects\\\\FinalProject\\\\ImageRepository\\\\SauceDemoCart.png: (59x67) in R[0,0 1280x1024]@S(0)\n  Line 2287, in file Region.java\n\r\n\tat org.testng.Assert.fail(Assert.java:99)\r\n\tat extensions.Verifications.visualElement(Verifications.java:49)\r\n\tat sanity.SauceDemoWeb.test8_verifyCartIcon(SauceDemoWeb.java:90)\r\n\tat sun.reflect.NativeMethodAccessorImpl.invoke0(Native Method)\r\n\tat sun.reflect.NativeMethodAccessorImpl.invoke(NativeMethodAccessorImpl.java:62)\r\n\tat sun.reflect.DelegatingMethodAccessorImpl.invoke(DelegatingMethodAccessorImpl.java:43)\r\n\tat java.lang.reflect.Method.invoke(Method.java:498)\r\n\tat org.testng.internal.MethodInvocationHelper.invokeMethod(MethodInvocationHelper.java:133)\r\n\tat org.testng.internal.TestInvoker.invokeMethod(TestInvoker.java:598)\r\n\tat org.testng.internal.TestInvoker.invokeTestMethod(TestInvoker.java:173)\r\n\tat org.testng.internal.MethodRunner.runInSequence(MethodRunner.java:46)\r\n\tat org.testng.internal.TestInvoker$MethodInvocationAgent.invoke(TestInvoker.java:824)\r\n\tat org.testng.internal.TestInvoker.invokeTestMethods(TestInvoker.java:146)\r\n\tat org.testng.internal.TestMethodWorker.invokeTestMethods(TestMethodWorker.java:146)\r\n\tat org.testng.internal.TestMethodWorker.run(TestMethodWorker.java:128)\r\n\tat java.util.ArrayList.forEach(ArrayList.java:1257)\r\n\tat org.testng.TestRunner.privateRun(TestRunner.java:794)\r\n\tat org.testng.TestRunner.run(TestRunner.java:596)\r\n\tat org.testng.SuiteRunner.runTest(SuiteRunner.java:377)\r\n\tat org.testng.SuiteRunner.runSequentially(SuiteRunner.java:371)\r\n\tat org.testng.SuiteRunner.privateRun(SuiteRunner.java:332)\r\n\tat org.testng.SuiteRunner.run(SuiteRunner.java:276)\r\n\tat org.testng.SuiteRunnerWorker.runSuite(SuiteRunnerWorker.java:53)\r\n\tat org.testng.SuiteRunnerWorker.run(SuiteRunnerWorker.java:96)\r\n\tat org.testng.TestNG.runSuitesSequentially(TestNG.java:1212)\r\n\tat org.testng.TestNG.runSuitesLocally(TestNG.java:1134)\r\n\tat org.testng.TestNG.runSuites(TestNG.java:1063)\r\n\tat org.testng.TestNG.run(TestNG.java:1031)\r\n\tat org.apache.maven.surefire.testng.TestNGExecutor.run(TestNGExecutor.java:283)\r\n\tat org.apache.maven.surefire.testng.TestNGXmlTestSuite.execute(TestNGXmlTestSuite.java:75)\r\n\tat org.apache.maven.surefire.testng.TestNGProvider.invoke(TestNGProvider.java:120)\r\n\tat org.apache.maven.surefire.booter.ForkedBooter.invokeProviderInSameClassLoader(ForkedBooter.java:384)\r\n\tat org.apache.maven.surefire.booter.ForkedBooter.runSuitesInProcess(ForkedBooter.java:345)\r\n\tat org.apache.maven.surefire.booter.ForkedBooter.execute(ForkedBooter.java:126)\r\n\tat org.apache.maven.surefire.booter.ForkedBooter.main(ForkedBooter.java:418)\r\n","flaky":false,"newFailed":false,"newBroken":false,"newPassed":false,"retriesCount":0,"retriesStatusChange":false,"beforeStages":[{"name":"startSession","time":{"start":1696413568958,"stop":1696413596922,"duration":27964},"description":"","status":"passed","steps":[{"name":"business flow - log in","time":{"start":1696413582710,"stop":1696413587540,"duration":4830},"status":"passed","steps":[{"name":"Update Text Element","time":{"start":1696413584414,"stop":1696413584866,"duration":452},"status":"passed","steps":[],"attachments":[],"parameters":[{"name":"element","value":"[[ChromeDriver: chrome on WINDOWS (5708fe240a4a355f83643b78f0adbd34)] -> id: user-name]"},{"name":"text","value":"standard_user"}],"stepsCount":0,"hasContent":true,"attachmentsCount":0,"shouldDisplayMessage":false},{"name":"Update Text Element","time":{"start":1696413584892,"stop":1696413586409,"duration":1517},"status":"passed","steps":[],"attachments":[],"parameters":[{"name":"element","value":"[[ChromeDriver: chrome on WINDOWS (5708fe240a4a355f83643b78f0adbd34)] -> id: password]"},{"name":"text","value":"secret_sauce"}],"stepsCount":0,"hasContent":true,"attachmentsCount":0,"shouldDisplayMessage":false},{"name":"Click on Element","time":{"start":1696413586459,"stop":1696413587539,"duration":1080},"status":"passed","steps":[],"attachments":[],"parameters":[{"name":"element","value":"[[ChromeDriver: chrome on WINDOWS (5708fe240a4a355f83643b78f0adbd34)] -> id: login-button]"}],"stepsCount":0,"hasContent":true,"attachmentsCount":0,"shouldDisplayMessage":false}],"attachments":[],"parameters":[{"name":"userName","value":"standard_user"},{"name":"password","value":"secret_sauce"}],"stepsCount":3,"hasContent":true,"attachmentsCount":0,"shouldDisplayMessage":false}],"attachments":[],"parameters":[],"stepsCount":4,"hasContent":true,"attachmentsCount":0,"shouldDisplayMessage":false},{"name":"beforeMethod","time":{"start":1696413669263,"stop":1696413669293,"duration":30},"description":"","status":"passed","steps":[],"attachments":[],"parameters":[],"stepsCount":0,"hasContent":false,"attachmentsCount":0,"shouldDisplayMessage":false}],"testStage":{"description":"This test verify the cart image icon using sikuli tool","status":"failed","statusMessage":"Error Comparing Image File: FindFailed: C:\\\\Automation\\\\Projects\\\\FinalProject\\\\ImageRepository\\\\SauceDemoCart.png: (59x67) in R[0,0 1280x1024]@S(0)\n  Line 2287, in file Region.java\n","statusTrace":"java.lang.AssertionError: Error Comparing Image File: FindFailed: C:\\\\Automation\\\\Projects\\\\FinalProject\\\\ImageRepository\\\\SauceDemoCart.png: (59x67) in R[0,0 1280x1024]@S(0)\n  Line 2287, in file Region.java\n\r\n\tat org.testng.Assert.fail(Assert.java:99)\r\n\tat extensions.Verifications.visualElement(Verifications.java:49)\r\n\tat sanity.SauceDemoWeb.test8_verifyCartIcon(SauceDemoWeb.java:90)\r\n\tat sun.reflect.NativeMethodAccessorImpl.invoke0(Native Method)\r\n\tat sun.reflect.NativeMethodAccessorImpl.invoke(NativeMethodAccessorImpl.java:62)\r\n\tat sun.reflect.DelegatingMethodAccessorImpl.invoke(DelegatingMethodAccessorImpl.java:43)\r\n\tat java.lang.reflect.Method.invoke(Method.java:498)\r\n\tat org.testng.internal.MethodInvocationHelper.invokeMethod(MethodInvocationHelper.java:133)\r\n\tat org.testng.internal.TestInvoker.invokeMethod(TestInvoker.java:598)\r\n\tat org.testng.internal.TestInvoker.invokeTestMethod(TestInvoker.java:173)\r\n\tat org.testng.internal.MethodRunner.runInSequence(MethodRunner.java:46)\r\n\tat org.testng.internal.TestInvoker$MethodInvocationAgent.invoke(TestInvoker.java:824)\r\n\tat org.testng.internal.TestInvoker.invokeTestMethods(TestInvoker.java:146)\r\n\tat org.testng.internal.TestMethodWorker.invokeTestMethods(TestMethodWorker.java:146)\r\n\tat org.testng.internal.TestMethodWorker.run(TestMethodWorker.java:128)\r\n\tat java.util.ArrayList.forEach(ArrayList.java:1257)\r\n\tat org.testng.TestRunner.privateRun(TestRunner.java:794)\r\n\tat org.testng.TestRunner.run(TestRunner.java:596)\r\n\tat org.testng.SuiteRunner.runTest(SuiteRunner.java:377)\r\n\tat org.testng.SuiteRunner.runSequentially(SuiteRunner.java:371)\r\n\tat org.testng.SuiteRunner.privateRun(SuiteRunner.java:332)\r\n\tat org.testng.SuiteRunner.run(SuiteRunner.java:276)\r\n\tat org.testng.SuiteRunnerWorker.runSuite(SuiteRunnerWorker.java:53)\r\n\tat org.testng.SuiteRunnerWorker.run(SuiteRunnerWorker.java:96)\r\n\tat org.testng.TestNG.runSuitesSequentially(TestNG.java:1212)\r\n\tat org.testng.TestNG.runSuitesLocally(TestNG.java:1134)\r\n\tat org.testng.TestNG.runSuites(TestNG.java:1063)\r\n\tat org.testng.TestNG.run(TestNG.java:1031)\r\n\tat org.apache.maven.surefire.testng.TestNGExecutor.run(TestNGExecutor.java:283)\r\n\tat org.apache.maven.surefire.testng.TestNGXmlTestSuite.execute(TestNGXmlTestSuite.java:75)\r\n\tat org.apache.maven.surefire.testng.TestNGProvider.invoke(TestNGProvider.java:120)\r\n\tat org.apache.maven.surefire.booter.ForkedBooter.invokeProviderInSameClassLoader(ForkedBooter.java:384)\r\n\tat org.apache.maven.surefire.booter.ForkedBooter.runSuitesInProcess(ForkedBooter.java:345)\r\n\tat org.apache.maven.surefire.booter.ForkedBooter.execute(ForkedBooter.java:126)\r\n\tat org.apache.maven.surefire.booter.ForkedBooter.main(ForkedBooter.java:418)\r\n","steps":[{"name":"Verify element Visually","time":{"start":1696413669300,"stop":1696413682387,"duration":13087},"status":"failed","statusMessage":"Error Comparing Image File: FindFailed: C:\\\\Automation\\\\Projects\\\\FinalProject\\\\ImageRepository\\\\SauceDemoCart.png: (59x67) in R[0,0 1280x1024]@S(0)\n  Line 2287, in file Region.java\n","statusTrace":"java.lang.AssertionError: Error Comparing Image File: FindFailed: C:\\\\Automation\\\\Projects\\\\FinalProject\\\\ImageRepository\\\\SauceDemoCart.png: (59x67) in R[0,0 1280x1024]@S(0)\n  Line 2287, in file Region.java\n\r\n\tat org.testng.Assert.fail(Assert.java:99)\r\n\tat extensions.Verifications.visualElement(Verifications.java:49)\r\n\tat sanity.SauceDemoWeb.test8_verifyCartIcon(SauceDemoWeb.java:90)\r\n\tat sun.reflect.NativeMethodAccessorImpl.invoke0(Native Method)\r\n\tat sun.reflect.NativeMethodAccessorImpl.invoke(NativeMethodAccessorImpl.java:62)\r\n\tat sun.reflect.DelegatingMethodAccessorImpl.invoke(DelegatingMethodAccessorImpl.java:43)\r\n\tat java.lang.reflect.Method.invoke(Method.java:498)\r\n\tat org.testng.internal.MethodInvocationHelper.invokeMethod(MethodInvocationHelper.java:133)\r\n\tat org.testng.internal.TestInvoker.invokeMethod(TestInvoker.java:598)\r\n\tat org.testng.internal.TestInvoker.invokeTestMethod(TestInvoker.java:173)\r\n\tat org.testng.internal.MethodRunner.runInSequence(MethodRunner.java:46)\r\n\tat org.testng.internal.TestInvoker$MethodInvocationAgent.invoke(TestInvoker.java:824)\r\n\tat org.testng.internal.TestInvoker.invokeTestMethods(TestInvoker.java:146)\r\n\tat org.testng.internal.TestMethodWorker.invokeTestMethods(TestMethodWorker.java:146)\r\n\tat org.testng.internal.TestMethodWorker.run(TestMethodWorker.java:128)\r\n\tat java.util.ArrayList.forEach(ArrayList.java:1257)\r\n\tat org.testng.TestRunner.privateRun(TestRunner.java:794)\r\n\tat org.testng.TestRunner.run(TestRunner.java:596)\r\n\tat org.testng.SuiteRunner.runTest(SuiteRunner.java:377)\r\n\tat org.testng.SuiteRunner.runSequentially(SuiteRunner.java:371)\r\n\tat org.testng.SuiteRunner.privateRun(SuiteRunner.java:332)\r\n\tat org.testng.SuiteRunner.run(SuiteRunner.java:276)\r\n\tat org.testng.SuiteRunnerWorker.runSuite(SuiteRunnerWorker.java:53)\r\n\tat org.testng.SuiteRunnerWorker.run(SuiteRunnerWorker.java:96)\r\n\tat org.testng.TestNG.runSuitesSequentially(TestNG.java:1212)\r\n\tat org.testng.TestNG.runSuitesLocally(TestNG.java:1134)\r\n\tat org.testng.TestNG.runSuites(TestNG.java:1063)\r\n\tat org.testng.TestNG.run(TestNG.java:1031)\r\n\tat org.apache.maven.surefire.testng.TestNGExecutor.run(TestNGExecutor.java:283)\r\n\tat org.apache.maven.surefire.testng.TestNGXmlTestSuite.execute(TestNGXmlTestSuite.java:75)\r\n\tat org.apache.maven.surefire.testng.TestNGProvider.invoke(TestNGProvider.java:120)\r\n\tat org.apache.maven.surefire.booter.ForkedBooter.invokeProviderInSameClassLoader(ForkedBooter.java:384)\r\n\tat org.apache.maven.surefire.booter.ForkedBooter.runSuitesInProcess(ForkedBooter.java:345)\r\n\tat org.apache.maven.surefire.booter.ForkedBooter.execute(ForkedBooter.java:126)\r\n\tat org.apache.maven.surefire.booter.ForkedBooter.main(ForkedBooter.java:418)\r\n","steps":[],"attachments":[],"parameters":[{"name":"expectedImageName","value":"SauceDemoCart"}],"stepsCount":0,"hasContent":true,"attachmentsCount":0,"shouldDisplayMessage":true}],"attachments":[{"uid":"bd18df5d612a70a4","name":"Page Screen-Shot","source":"bd18df5d612a70a4.png","type":"image/png","size":299328}],"parameters":[],"stepsCount":1,"hasContent":true,"attachmentsCount":1,"shouldDisplayMessage":false},"afterStages":[{"name":"afterMethod","time":{"start":1696413686582,"stop":1696413688731,"duration":2149},"description":"","status":"passed","steps":[{"name":"business flow - Reset app state","time":{"start":1696413686640,"stop":1696413687911,"duration":1271},"status":"passed","steps":[{"name":"Click on Element","time":{"start":1696413687329,"stop":1696413687542,"duration":213},"status":"passed","steps":[],"attachments":[],"parameters":[{"name":"element","value":"[[ChromeDriver: chrome on WINDOWS (5708fe240a4a355f83643b78f0adbd34)] -> id: react-burger-menu-btn]"}],"stepsCount":0,"hasContent":true,"attachmentsCount":0,"shouldDisplayMessage":false},{"name":"Click on Element","time":{"start":1696413687575,"stop":1696413687911,"duration":336},"status":"passed","steps":[],"attachments":[],"parameters":[{"name":"element","value":"[[ChromeDriver: chrome on WINDOWS (5708fe240a4a355f83643b78f0adbd34)] -> id: reset_sidebar_link]"}],"stepsCount":0,"hasContent":true,"attachmentsCount":0,"shouldDisplayMessage":false}],"attachments":[],"parameters":[],"stepsCount":2,"hasContent":true,"attachmentsCount":0,"shouldDisplayMessage":false},{"name":"business flow - log in","time":{"start":1696413688045,"stop":1696413688731,"duration":686},"status":"passed","steps":[{"name":"Update Text Element","time":{"start":1696413688220,"stop":1696413688375,"duration":155},"status":"passed","steps":[],"attachments":[],"parameters":[{"name":"element","value":"[[ChromeDriver: chrome on WINDOWS (5708fe240a4a355f83643b78f0adbd34)] -> id: user-name]"},{"name":"text","value":"standard_user"}],"stepsCount":0,"hasContent":true,"attachmentsCount":0,"shouldDisplayMessage":false},{"name":"Update Text Element","time":{"start":1696413688392,"stop":1696413688529,"duration":137},"status":"passed","steps":[],"attachments":[],"parameters":[{"name":"element","value":"[[ChromeDriver: chrome on WINDOWS (5708fe240a4a355f83643b78f0adbd34)] -> id: password]"},{"name":"text","value":"secret_sauce"}],"stepsCount":0,"hasContent":true,"attachmentsCount":0,"shouldDisplayMessage":false},{"name":"Click on Element","time":{"start":1696413688544,"stop":1696413688731,"duration":187},"status":"passed","steps":[],"attachments":[],"parameters":[{"name":"element","value":"[[ChromeDriver: chrome on WINDOWS (5708fe240a4a355f83643b78f0adbd34)] -> id: login-button]"}],"stepsCount":0,"hasContent":true,"attachmentsCount":0,"shouldDisplayMessage":false}],"attachments":[],"parameters":[{"name":"userName","value":"standard_user"},{"name":"password","value":"secret_sauce"}],"stepsCount":3,"hasContent":true,"attachmentsCount":0,"shouldDisplayMessage":false}],"attachments":[],"parameters":[],"stepsCount":7,"hasContent":true,"attachmentsCount":0,"shouldDisplayMessage":false},{"name":"closeSession","time":{"start":1696413688739,"stop":1696413696430,"duration":7691},"description":"","status":"passed","steps":[],"attachments":[],"parameters":[],"stepsCount":0,"hasContent":false,"attachmentsCount":0,"shouldDisplayMessage":false}],"labels":[{"name":"package","value":"sanity.SauceDemoWeb"},{"name":"testClass","value":"sanity.SauceDemoWeb"},{"name":"testMethod","value":"test8_verifyCartIcon"},{"name":"parentSuite","value":"Web Suite"},{"name":"suite","value":"Web Tests"},{"name":"subSuite","value":"sanity.SauceDemoWeb"},{"name":"host","value":"DESKTOP-DHGB96Q"},{"name":"thread","value":"1104@DESKTOP-DHGB96Q.main(1)"},{"name":"framework","value":"testng"},{"name":"language","value":"java"},{"name":"resultFormat","value":"allure2"}],"parameters":[{"name":"PlatformName","value":"web"}],"links":[],"hidden":true,"retry":true,"extra":{"categories":[],"tags":[]},"source":"2f69e9e6930198b7.json","parameterValues":["web"]}