{"uid":"46862707c4ffb34d","name":"Test08 - Verify image of the cart icon","fullName":"sanity.SauceDemoWeb.test8_verifyCartIcon","historyId":"2c461c818148318b4a58a4538d904f6f","time":{"start":1694944011539,"stop":1694944014336,"duration":2797},"description":"This test verify the cart image icon using sikuli tool","descriptionHtml":"<p>This test verify the cart image icon using sikuli tool</p>\n","status":"failed","statusMessage":"Error Comparing Image File: FindFailed: C:\\\\Automation\\\\JavaCourse\\\\Projects\\\\FinalProject\\\\FinalProject\\\\ImageRepository\\\\SauceDemoCart.png: (0x0) in R[0,0 1280x1024]@S(0)\n  Line 2287, in file Region.java\n","statusTrace":"java.lang.AssertionError: Error Comparing Image File: FindFailed: C:\\\\Automation\\\\JavaCourse\\\\Projects\\\\FinalProject\\\\FinalProject\\\\ImageRepository\\\\SauceDemoCart.png: (0x0) in R[0,0 1280x1024]@S(0)\n  Line 2287, in file Region.java\n\r\n\tat org.testng.Assert.fail(Assert.java:99)\r\n\tat extensions.Verifications.visualElement(Verifications.java:49)\r\n\tat sanity.SauceDemoWeb.test8_verifyCartIcon(SauceDemoWeb.java:90)\r\n\tat sun.reflect.NativeMethodAccessorImpl.invoke0(Native Method)\r\n\tat sun.reflect.NativeMethodAccessorImpl.invoke(NativeMethodAccessorImpl.java:62)\r\n\tat sun.reflect.DelegatingMethodAccessorImpl.invoke(DelegatingMethodAccessorImpl.java:43)\r\n\tat java.lang.reflect.Method.invoke(Method.java:498)\r\n\tat org.testng.internal.MethodInvocationHelper.invokeMethod(MethodInvocationHelper.java:133)\r\n\tat org.testng.internal.TestInvoker.invokeMethod(TestInvoker.java:598)\r\n\tat org.testng.internal.TestInvoker.invokeTestMethod(TestInvoker.java:173)\r\n\tat org.testng.internal.MethodRunner.runInSequence(MethodRunner.java:46)\r\n\tat org.testng.internal.TestInvoker$MethodInvocationAgent.invoke(TestInvoker.java:824)\r\n\tat org.testng.internal.TestInvoker.invokeTestMethods(TestInvoker.java:146)\r\n\tat org.testng.internal.TestMethodWorker.invokeTestMethods(TestMethodWorker.java:146)\r\n\tat org.testng.internal.TestMethodWorker.run(TestMethodWorker.java:128)\r\n\tat java.util.ArrayList.forEach(ArrayList.java:1257)\r\n\tat org.testng.TestRunner.privateRun(TestRunner.java:794)\r\n\tat org.testng.TestRunner.run(TestRunner.java:596)\r\n\tat org.testng.SuiteRunner.runTest(SuiteRunner.java:377)\r\n\tat org.testng.SuiteRunner.runSequentially(SuiteRunner.java:371)\r\n\tat org.testng.SuiteRunner.privateRun(SuiteRunner.java:332)\r\n\tat org.testng.SuiteRunner.run(SuiteRunner.java:276)\r\n\tat org.testng.SuiteRunnerWorker.runSuite(SuiteRunnerWorker.java:53)\r\n\tat org.testng.SuiteRunnerWorker.run(SuiteRunnerWorker.java:96)\r\n\tat org.testng.TestNG.runSuitesSequentially(TestNG.java:1212)\r\n\tat org.testng.TestNG.runSuitesLocally(TestNG.java:1134)\r\n\tat org.testng.TestNG.runSuites(TestNG.java:1063)\r\n\tat org.testng.TestNG.run(TestNG.java:1031)\r\n\tat org.apache.maven.surefire.testng.TestNGExecutor.run(TestNGExecutor.java:283)\r\n\tat org.apache.maven.surefire.testng.TestNGXmlTestSuite.execute(TestNGXmlTestSuite.java:75)\r\n\tat org.apache.maven.surefire.testng.TestNGProvider.invoke(TestNGProvider.java:120)\r\n\tat org.apache.maven.surefire.booter.ForkedBooter.invokeProviderInSameClassLoader(ForkedBooter.java:384)\r\n\tat org.apache.maven.surefire.booter.ForkedBooter.runSuitesInProcess(ForkedBooter.java:345)\r\n\tat org.apache.maven.surefire.booter.ForkedBooter.execute(ForkedBooter.java:126)\r\n\tat org.apache.maven.surefire.booter.ForkedBooter.main(ForkedBooter.java:418)\r\n","flaky":false,"newFailed":false,"newBroken":false,"newPassed":false,"retriesCount":0,"retriesStatusChange":false,"beforeStages":[{"name":"startSession","time":{"start":1694943888629,"stop":1694943938738,"duration":50109},"description":"","status":"passed","steps":[{"name":"business flow - log in","time":{"start":1694943928567,"stop":1694943937019,"duration":8452},"status":"passed","steps":[{"name":"Update Text Element","time":{"start":1694943932240,"stop":1694943933772,"duration":1532},"status":"passed","steps":[],"attachments":[],"parameters":[{"name":"element","value":"[[ChromeDriver: chrome on WINDOWS (47094b26c4e250095f3c0a72db0595d1)] -> id: user-name]"},{"name":"text","value":"standard_user"}],"shouldDisplayMessage":false,"attachmentsCount":0,"hasContent":true,"stepsCount":0},{"name":"Update Text Element","time":{"start":1694943933808,"stop":1694943934112,"duration":304},"status":"passed","steps":[],"attachments":[],"parameters":[{"name":"element","value":"[[ChromeDriver: chrome on WINDOWS (47094b26c4e250095f3c0a72db0595d1)] -> id: password]"},{"name":"text","value":"secret_sauce"}],"shouldDisplayMessage":false,"attachmentsCount":0,"hasContent":true,"stepsCount":0},{"name":"Click on Element","time":{"start":1694943934213,"stop":1694943937019,"duration":2806},"status":"passed","steps":[],"attachments":[],"parameters":[{"name":"element","value":"[[ChromeDriver: chrome on WINDOWS (47094b26c4e250095f3c0a72db0595d1)] -> id: login-button]"}],"shouldDisplayMessage":false,"attachmentsCount":0,"hasContent":true,"stepsCount":0}],"attachments":[],"parameters":[{"name":"userName","value":"standard_user"},{"name":"password","value":"secret_sauce"}],"shouldDisplayMessage":false,"attachmentsCount":0,"hasContent":true,"stepsCount":3}],"attachments":[],"parameters":[],"shouldDisplayMessage":false,"attachmentsCount":0,"hasContent":true,"stepsCount":4},{"name":"beforeMethod","time":{"start":1694944011474,"stop":1694944011535,"duration":61},"description":"","status":"passed","steps":[],"attachments":[],"parameters":[],"shouldDisplayMessage":false,"attachmentsCount":0,"hasContent":false,"stepsCount":0}],"testStage":{"description":"This test verify the cart image icon using sikuli tool","status":"failed","statusMessage":"Error Comparing Image File: FindFailed: C:\\\\Automation\\\\JavaCourse\\\\Projects\\\\FinalProject\\\\FinalProject\\\\ImageRepository\\\\SauceDemoCart.png: (0x0) in R[0,0 1280x1024]@S(0)\n  Line 2287, in file Region.java\n","statusTrace":"java.lang.AssertionError: Error Comparing Image File: FindFailed: C:\\\\Automation\\\\JavaCourse\\\\Projects\\\\FinalProject\\\\FinalProject\\\\ImageRepository\\\\SauceDemoCart.png: (0x0) in R[0,0 1280x1024]@S(0)\n  Line 2287, in file Region.java\n\r\n\tat org.testng.Assert.fail(Assert.java:99)\r\n\tat extensions.Verifications.visualElement(Verifications.java:49)\r\n\tat sanity.SauceDemoWeb.test8_verifyCartIcon(SauceDemoWeb.java:90)\r\n\tat sun.reflect.NativeMethodAccessorImpl.invoke0(Native Method)\r\n\tat sun.reflect.NativeMethodAccessorImpl.invoke(NativeMethodAccessorImpl.java:62)\r\n\tat sun.reflect.DelegatingMethodAccessorImpl.invoke(DelegatingMethodAccessorImpl.java:43)\r\n\tat java.lang.reflect.Method.invoke(Method.java:498)\r\n\tat org.testng.internal.MethodInvocationHelper.invokeMethod(MethodInvocationHelper.java:133)\r\n\tat org.testng.internal.TestInvoker.invokeMethod(TestInvoker.java:598)\r\n\tat org.testng.internal.TestInvoker.invokeTestMethod(TestInvoker.java:173)\r\n\tat org.testng.internal.MethodRunner.runInSequence(MethodRunner.java:46)\r\n\tat org.testng.internal.TestInvoker$MethodInvocationAgent.invoke(TestInvoker.java:824)\r\n\tat org.testng.internal.TestInvoker.invokeTestMethods(TestInvoker.java:146)\r\n\tat org.testng.internal.TestMethodWorker.invokeTestMethods(TestMethodWorker.java:146)\r\n\tat org.testng.internal.TestMethodWorker.run(TestMethodWorker.java:128)\r\n\tat java.util.ArrayList.forEach(ArrayList.java:1257)\r\n\tat org.testng.TestRunner.privateRun(TestRunner.java:794)\r\n\tat org.testng.TestRunner.run(TestRunner.java:596)\r\n\tat org.testng.SuiteRunner.runTest(SuiteRunner.java:377)\r\n\tat org.testng.SuiteRunner.runSequentially(SuiteRunner.java:371)\r\n\tat org.testng.SuiteRunner.privateRun(SuiteRunner.java:332)\r\n\tat org.testng.SuiteRunner.run(SuiteRunner.java:276)\r\n\tat org.testng.SuiteRunnerWorker.runSuite(SuiteRunnerWorker.java:53)\r\n\tat org.testng.SuiteRunnerWorker.run(SuiteRunnerWorker.java:96)\r\n\tat org.testng.TestNG.runSuitesSequentially(TestNG.java:1212)\r\n\tat org.testng.TestNG.runSuitesLocally(TestNG.java:1134)\r\n\tat org.testng.TestNG.runSuites(TestNG.java:1063)\r\n\tat org.testng.TestNG.run(TestNG.java:1031)\r\n\tat org.apache.maven.surefire.testng.TestNGExecutor.run(TestNGExecutor.java:283)\r\n\tat org.apache.maven.surefire.testng.TestNGXmlTestSuite.execute(TestNGXmlTestSuite.java:75)\r\n\tat org.apache.maven.surefire.testng.TestNGProvider.invoke(TestNGProvider.java:120)\r\n\tat org.apache.maven.surefire.booter.ForkedBooter.invokeProviderInSameClassLoader(ForkedBooter.java:384)\r\n\tat org.apache.maven.surefire.booter.ForkedBooter.runSuitesInProcess(ForkedBooter.java:345)\r\n\tat org.apache.maven.surefire.booter.ForkedBooter.execute(ForkedBooter.java:126)\r\n\tat org.apache.maven.surefire.booter.ForkedBooter.main(ForkedBooter.java:418)\r\n","steps":[{"name":"Verify element Visually","time":{"start":1694944011539,"stop":1694944011906,"duration":367},"status":"failed","statusMessage":"Error Comparing Image File: FindFailed: C:\\\\Automation\\\\JavaCourse\\\\Projects\\\\FinalProject\\\\FinalProject\\\\ImageRepository\\\\SauceDemoCart.png: (0x0) in R[0,0 1280x1024]@S(0)\n  Line 2287, in file Region.java\n","statusTrace":"java.lang.AssertionError: Error Comparing Image File: FindFailed: C:\\\\Automation\\\\JavaCourse\\\\Projects\\\\FinalProject\\\\FinalProject\\\\ImageRepository\\\\SauceDemoCart.png: (0x0) in R[0,0 1280x1024]@S(0)\n  Line 2287, in file Region.java\n\r\n\tat org.testng.Assert.fail(Assert.java:99)\r\n\tat extensions.Verifications.visualElement(Verifications.java:49)\r\n\tat sanity.SauceDemoWeb.test8_verifyCartIcon(SauceDemoWeb.java:90)\r\n\tat sun.reflect.NativeMethodAccessorImpl.invoke0(Native Method)\r\n\tat sun.reflect.NativeMethodAccessorImpl.invoke(NativeMethodAccessorImpl.java:62)\r\n\tat sun.reflect.DelegatingMethodAccessorImpl.invoke(DelegatingMethodAccessorImpl.java:43)\r\n\tat java.lang.reflect.Method.invoke(Method.java:498)\r\n\tat org.testng.internal.MethodInvocationHelper.invokeMethod(MethodInvocationHelper.java:133)\r\n\tat org.testng.internal.TestInvoker.invokeMethod(TestInvoker.java:598)\r\n\tat org.testng.internal.TestInvoker.invokeTestMethod(TestInvoker.java:173)\r\n\tat org.testng.internal.MethodRunner.runInSequence(MethodRunner.java:46)\r\n\tat org.testng.internal.TestInvoker$MethodInvocationAgent.invoke(TestInvoker.java:824)\r\n\tat org.testng.internal.TestInvoker.invokeTestMethods(TestInvoker.java:146)\r\n\tat org.testng.internal.TestMethodWorker.invokeTestMethods(TestMethodWorker.java:146)\r\n\tat org.testng.internal.TestMethodWorker.run(TestMethodWorker.java:128)\r\n\tat java.util.ArrayList.forEach(ArrayList.java:1257)\r\n\tat org.testng.TestRunner.privateRun(TestRunner.java:794)\r\n\tat org.testng.TestRunner.run(TestRunner.java:596)\r\n\tat org.testng.SuiteRunner.runTest(SuiteRunner.java:377)\r\n\tat org.testng.SuiteRunner.runSequentially(SuiteRunner.java:371)\r\n\tat org.testng.SuiteRunner.privateRun(SuiteRunner.java:332)\r\n\tat org.testng.SuiteRunner.run(SuiteRunner.java:276)\r\n\tat org.testng.SuiteRunnerWorker.runSuite(SuiteRunnerWorker.java:53)\r\n\tat org.testng.SuiteRunnerWorker.run(SuiteRunnerWorker.java:96)\r\n\tat org.testng.TestNG.runSuitesSequentially(TestNG.java:1212)\r\n\tat org.testng.TestNG.runSuitesLocally(TestNG.java:1134)\r\n\tat org.testng.TestNG.runSuites(TestNG.java:1063)\r\n\tat org.testng.TestNG.run(TestNG.java:1031)\r\n\tat org.apache.maven.surefire.testng.TestNGExecutor.run(TestNGExecutor.java:283)\r\n\tat org.apache.maven.surefire.testng.TestNGXmlTestSuite.execute(TestNGXmlTestSuite.java:75)\r\n\tat org.apache.maven.surefire.testng.TestNGProvider.invoke(TestNGProvider.java:120)\r\n\tat org.apache.maven.surefire.booter.ForkedBooter.invokeProviderInSameClassLoader(ForkedBooter.java:384)\r\n\tat org.apache.maven.surefire.booter.ForkedBooter.runSuitesInProcess(ForkedBooter.java:345)\r\n\tat org.apache.maven.surefire.booter.ForkedBooter.execute(ForkedBooter.java:126)\r\n\tat org.apache.maven.surefire.booter.ForkedBooter.main(ForkedBooter.java:418)\r\n","steps":[],"attachments":[],"parameters":[{"name":"expectedImageName","value":"SauceDemoCart"}],"shouldDisplayMessage":true,"attachmentsCount":0,"hasContent":true,"stepsCount":0}],"attachments":[{"uid":"977a64a1e682fa20","name":"Page Screen-Shot","source":"977a64a1e682fa20.png","type":"image/png","size":299328}],"parameters":[],"shouldDisplayMessage":false,"attachmentsCount":1,"hasContent":true,"stepsCount":1},"afterStages":[{"name":"afterMethod","time":{"start":1694944014357,"stop":1694944017212,"duration":2855},"description":"","status":"passed","steps":[{"name":"business flow - Reset app state","time":{"start":1694944014363,"stop":1694944015924,"duration":1561},"status":"passed","steps":[{"name":"Click on Element","time":{"start":1694944015040,"stop":1694944015208,"duration":168},"status":"passed","steps":[],"attachments":[],"parameters":[{"name":"element","value":"[[ChromeDriver: chrome on WINDOWS (47094b26c4e250095f3c0a72db0595d1)] -> id: react-burger-menu-btn]"}],"shouldDisplayMessage":false,"attachmentsCount":0,"hasContent":true,"stepsCount":0},{"name":"Click on Element","time":{"start":1694944015224,"stop":1694944015924,"duration":700},"status":"passed","steps":[],"attachments":[],"parameters":[{"name":"element","value":"[[ChromeDriver: chrome on WINDOWS (47094b26c4e250095f3c0a72db0595d1)] -> id: reset_sidebar_link]"}],"shouldDisplayMessage":false,"attachmentsCount":0,"hasContent":true,"stepsCount":0}],"attachments":[],"parameters":[],"shouldDisplayMessage":false,"attachmentsCount":0,"hasContent":true,"stepsCount":2},{"name":"business flow - log in","time":{"start":1694944016037,"stop":1694944017212,"duration":1175},"status":"passed","steps":[{"name":"Update Text Element","time":{"start":1694944016187,"stop":1694944016322,"duration":135},"status":"passed","steps":[],"attachments":[],"parameters":[{"name":"element","value":"[[ChromeDriver: chrome on WINDOWS (47094b26c4e250095f3c0a72db0595d1)] -> id: user-name]"},{"name":"text","value":"standard_user"}],"shouldDisplayMessage":false,"attachmentsCount":0,"hasContent":true,"stepsCount":0},{"name":"Update Text Element","time":{"start":1694944016339,"stop":1694944016485,"duration":146},"status":"passed","steps":[],"attachments":[],"parameters":[{"name":"element","value":"[[ChromeDriver: chrome on WINDOWS (47094b26c4e250095f3c0a72db0595d1)] -> id: password]"},{"name":"text","value":"secret_sauce"}],"shouldDisplayMessage":false,"attachmentsCount":0,"hasContent":true,"stepsCount":0},{"name":"Click on Element","time":{"start":1694944017008,"stop":1694944017212,"duration":204},"status":"passed","steps":[],"attachments":[],"parameters":[{"name":"element","value":"[[ChromeDriver: chrome on WINDOWS (47094b26c4e250095f3c0a72db0595d1)] -> id: login-button]"}],"shouldDisplayMessage":false,"attachmentsCount":0,"hasContent":true,"stepsCount":0}],"attachments":[],"parameters":[{"name":"userName","value":"standard_user"},{"name":"password","value":"secret_sauce"}],"shouldDisplayMessage":false,"attachmentsCount":0,"hasContent":true,"stepsCount":3}],"attachments":[],"parameters":[],"shouldDisplayMessage":false,"attachmentsCount":0,"hasContent":true,"stepsCount":7},{"name":"closeSession","time":{"start":1694944017219,"stop":1694944021247,"duration":4028},"description":"","status":"passed","steps":[],"attachments":[],"parameters":[],"shouldDisplayMessage":false,"attachmentsCount":0,"hasContent":false,"stepsCount":0}],"labels":[{"name":"package","value":"sanity.SauceDemoWeb"},{"name":"testClass","value":"sanity.SauceDemoWeb"},{"name":"testMethod","value":"test8_verifyCartIcon"},{"name":"parentSuite","value":"Web Suite"},{"name":"suite","value":"Web Tests"},{"name":"subSuite","value":"sanity.SauceDemoWeb"},{"name":"host","value":"DESKTOP-DHGB96Q"},{"name":"thread","value":"7088@DESKTOP-DHGB96Q.main(1)"},{"name":"framework","value":"testng"},{"name":"language","value":"java"},{"name":"resultFormat","value":"allure2"}],"parameters":[{"name":"PlatformName","value":"web"}],"links":[],"hidden":true,"retry":true,"extra":{"categories":[],"tags":[]},"source":"46862707c4ffb34d.json","parameterValues":["web"]}