{"uid":"9b535d5a9090824f","name":"Test01 - Verify addition","fullName":"sanity.Calculator.test01_verifyAddTwoNumbers","historyId":"8da386404980802a53cf25e601fa83f5","time":{"start":1694940806198,"stop":1694940817357,"duration":11159},"description":"This test verify number 1 + number 2","descriptionHtml":"<p>This test verify number 1 + number 2</p>\n","status":"failed","statusMessage":"expected [התצוגה היא 5] but found [התצוגה היא 4]","statusTrace":"java.lang.AssertionError: expected [התצוגה היא 5] but found [התצוגה היא 4]\r\n\tat org.testng.Assert.fail(Assert.java:99)\r\n\tat org.testng.Assert.failNotEquals(Assert.java:1037)\r\n\tat org.testng.Assert.assertEqualsImpl(Assert.java:140)\r\n\tat org.testng.Assert.assertEquals(Assert.java:122)\r\n\tat org.testng.Assert.assertEquals(Assert.java:629)\r\n\tat org.testng.Assert.assertEquals(Assert.java:639)\r\n\tat extensions.Verifications.verifyTextInElement(Verifications.java:26)\r\n\tat sanity.Calculator.test01_verifyAddTwoNumbers(Calculator.java:19)\r\n\tat sun.reflect.NativeMethodAccessorImpl.invoke0(Native Method)\r\n\tat sun.reflect.NativeMethodAccessorImpl.invoke(NativeMethodAccessorImpl.java:62)\r\n\tat sun.reflect.DelegatingMethodAccessorImpl.invoke(DelegatingMethodAccessorImpl.java:43)\r\n\tat java.lang.reflect.Method.invoke(Method.java:498)\r\n\tat org.testng.internal.MethodInvocationHelper.invokeMethod(MethodInvocationHelper.java:133)\r\n\tat org.testng.internal.TestInvoker.invokeMethod(TestInvoker.java:598)\r\n\tat org.testng.internal.TestInvoker.invokeTestMethod(TestInvoker.java:173)\r\n\tat org.testng.internal.MethodRunner.runInSequence(MethodRunner.java:46)\r\n\tat org.testng.internal.TestInvoker$MethodInvocationAgent.invoke(TestInvoker.java:824)\r\n\tat org.testng.internal.TestInvoker.invokeTestMethods(TestInvoker.java:146)\r\n\tat org.testng.internal.TestMethodWorker.invokeTestMethods(TestMethodWorker.java:146)\r\n\tat org.testng.internal.TestMethodWorker.run(TestMethodWorker.java:128)\r\n\tat java.util.ArrayList.forEach(ArrayList.java:1257)\r\n\tat org.testng.TestRunner.privateRun(TestRunner.java:794)\r\n\tat org.testng.TestRunner.run(TestRunner.java:596)\r\n\tat org.testng.SuiteRunner.runTest(SuiteRunner.java:377)\r\n\tat org.testng.SuiteRunner.runSequentially(SuiteRunner.java:371)\r\n\tat org.testng.SuiteRunner.privateRun(SuiteRunner.java:332)\r\n\tat org.testng.SuiteRunner.run(SuiteRunner.java:276)\r\n\tat org.testng.SuiteRunnerWorker.runSuite(SuiteRunnerWorker.java:53)\r\n\tat org.testng.SuiteRunnerWorker.run(SuiteRunnerWorker.java:96)\r\n\tat org.testng.TestNG.runSuitesSequentially(TestNG.java:1212)\r\n\tat org.testng.TestNG.runSuitesLocally(TestNG.java:1134)\r\n\tat org.testng.TestNG.runSuites(TestNG.java:1063)\r\n\tat org.testng.TestNG.run(TestNG.java:1031)\r\n\tat org.apache.maven.surefire.testng.TestNGExecutor.run(TestNGExecutor.java:283)\r\n\tat org.apache.maven.surefire.testng.TestNGXmlTestSuite.execute(TestNGXmlTestSuite.java:75)\r\n\tat org.apache.maven.surefire.testng.TestNGProvider.invoke(TestNGProvider.java:120)\r\n\tat org.apache.maven.surefire.booter.ForkedBooter.invokeProviderInSameClassLoader(ForkedBooter.java:384)\r\n\tat org.apache.maven.surefire.booter.ForkedBooter.runSuitesInProcess(ForkedBooter.java:345)\r\n\tat org.apache.maven.surefire.booter.ForkedBooter.execute(ForkedBooter.java:126)\r\n\tat org.apache.maven.surefire.booter.ForkedBooter.main(ForkedBooter.java:418)\r\n","flaky":false,"newFailed":false,"newBroken":false,"newPassed":false,"retriesCount":0,"retriesStatusChange":false,"beforeStages":[{"name":"startSession","time":{"start":1694940798038,"stop":1694940805122,"duration":7084},"description":"","status":"passed","steps":[],"attachments":[],"parameters":[],"stepsCount":0,"hasContent":false,"shouldDisplayMessage":false,"attachmentsCount":0},{"name":"beforeMethod","time":{"start":1694940805153,"stop":1694940805370,"duration":217},"description":"","status":"passed","steps":[],"attachments":[],"parameters":[],"stepsCount":0,"hasContent":false,"shouldDisplayMessage":false,"attachmentsCount":0}],"testStage":{"description":"This test verify number 1 + number 2","status":"failed","statusMessage":"expected [התצוגה היא 5] but found [התצוגה היא 4]","statusTrace":"java.lang.AssertionError: expected [התצוגה היא 5] but found [התצוגה היא 4]\r\n\tat org.testng.Assert.fail(Assert.java:99)\r\n\tat org.testng.Assert.failNotEquals(Assert.java:1037)\r\n\tat org.testng.Assert.assertEqualsImpl(Assert.java:140)\r\n\tat org.testng.Assert.assertEquals(Assert.java:122)\r\n\tat org.testng.Assert.assertEquals(Assert.java:629)\r\n\tat org.testng.Assert.assertEquals(Assert.java:639)\r\n\tat extensions.Verifications.verifyTextInElement(Verifications.java:26)\r\n\tat sanity.Calculator.test01_verifyAddTwoNumbers(Calculator.java:19)\r\n\tat sun.reflect.NativeMethodAccessorImpl.invoke0(Native Method)\r\n\tat sun.reflect.NativeMethodAccessorImpl.invoke(NativeMethodAccessorImpl.java:62)\r\n\tat sun.reflect.DelegatingMethodAccessorImpl.invoke(DelegatingMethodAccessorImpl.java:43)\r\n\tat java.lang.reflect.Method.invoke(Method.java:498)\r\n\tat org.testng.internal.MethodInvocationHelper.invokeMethod(MethodInvocationHelper.java:133)\r\n\tat org.testng.internal.TestInvoker.invokeMethod(TestInvoker.java:598)\r\n\tat org.testng.internal.TestInvoker.invokeTestMethod(TestInvoker.java:173)\r\n\tat org.testng.internal.MethodRunner.runInSequence(MethodRunner.java:46)\r\n\tat org.testng.internal.TestInvoker$MethodInvocationAgent.invoke(TestInvoker.java:824)\r\n\tat org.testng.internal.TestInvoker.invokeTestMethods(TestInvoker.java:146)\r\n\tat org.testng.internal.TestMethodWorker.invokeTestMethods(TestMethodWorker.java:146)\r\n\tat org.testng.internal.TestMethodWorker.run(TestMethodWorker.java:128)\r\n\tat java.util.ArrayList.forEach(ArrayList.java:1257)\r\n\tat org.testng.TestRunner.privateRun(TestRunner.java:794)\r\n\tat org.testng.TestRunner.run(TestRunner.java:596)\r\n\tat org.testng.SuiteRunner.runTest(SuiteRunner.java:377)\r\n\tat org.testng.SuiteRunner.runSequentially(SuiteRunner.java:371)\r\n\tat org.testng.SuiteRunner.privateRun(SuiteRunner.java:332)\r\n\tat org.testng.SuiteRunner.run(SuiteRunner.java:276)\r\n\tat org.testng.SuiteRunnerWorker.runSuite(SuiteRunnerWorker.java:53)\r\n\tat org.testng.SuiteRunnerWorker.run(SuiteRunnerWorker.java:96)\r\n\tat org.testng.TestNG.runSuitesSequentially(TestNG.java:1212)\r\n\tat org.testng.TestNG.runSuitesLocally(TestNG.java:1134)\r\n\tat org.testng.TestNG.runSuites(TestNG.java:1063)\r\n\tat org.testng.TestNG.run(TestNG.java:1031)\r\n\tat org.apache.maven.surefire.testng.TestNGExecutor.run(TestNGExecutor.java:283)\r\n\tat org.apache.maven.surefire.testng.TestNGXmlTestSuite.execute(TestNGXmlTestSuite.java:75)\r\n\tat org.apache.maven.surefire.testng.TestNGProvider.invoke(TestNGProvider.java:120)\r\n\tat org.apache.maven.surefire.booter.ForkedBooter.invokeProviderInSameClassLoader(ForkedBooter.java:384)\r\n\tat org.apache.maven.surefire.booter.ForkedBooter.runSuitesInProcess(ForkedBooter.java:345)\r\n\tat org.apache.maven.surefire.booter.ForkedBooter.execute(ForkedBooter.java:126)\r\n\tat org.apache.maven.surefire.booter.ForkedBooter.main(ForkedBooter.java:418)\r\n","steps":[{"name":"calculate addition: number 1 + number 2","time":{"start":1694940806957,"stop":1694940813437,"duration":6480},"status":"passed","steps":[{"name":"Click on Element","time":{"start":1694940807174,"stop":1694940808385,"duration":1211},"status":"passed","steps":[],"attachments":[],"parameters":[{"name":"element","value":"[[io.appium.java_client.windows.WindowsDriver, Capabilities: {app=Microsoft.WindowsCalculator_8wekyb3d8bbwe!App, javascriptEnabled=true, platform=WINDOWS, platformName=Windows}] -> name: נקה]"}],"stepsCount":0,"hasContent":true,"shouldDisplayMessage":false,"attachmentsCount":0},{"name":"Click on Element","time":{"start":1694940808572,"stop":1694940809656,"duration":1084},"status":"passed","steps":[],"attachments":[],"parameters":[{"name":"element","value":"[[io.appium.java_client.windows.WindowsDriver, Capabilities: {app=Microsoft.WindowsCalculator_8wekyb3d8bbwe!App, javascriptEnabled=true, platform=WINDOWS, platformName=Windows}] -> name: אחת]"}],"stepsCount":0,"hasContent":true,"shouldDisplayMessage":false,"attachmentsCount":0},{"name":"Click on Element","time":{"start":1694940809831,"stop":1694940810904,"duration":1073},"status":"passed","steps":[],"attachments":[],"parameters":[{"name":"element","value":"[[io.appium.java_client.windows.WindowsDriver, Capabilities: {app=Microsoft.WindowsCalculator_8wekyb3d8bbwe!App, javascriptEnabled=true, platform=WINDOWS, platformName=Windows}] -> name: ועוד]"}],"stepsCount":0,"hasContent":true,"shouldDisplayMessage":false,"attachmentsCount":0},{"name":"Click on Element","time":{"start":1694940811096,"stop":1694940812243,"duration":1147},"status":"passed","steps":[],"attachments":[],"parameters":[{"name":"element","value":"[[io.appium.java_client.windows.WindowsDriver, Capabilities: {app=Microsoft.WindowsCalculator_8wekyb3d8bbwe!App, javascriptEnabled=true, platform=WINDOWS, platformName=Windows}] -> name: שלוש]"}],"stepsCount":0,"hasContent":true,"shouldDisplayMessage":false,"attachmentsCount":0},{"name":"Click on Element","time":{"start":1694940812391,"stop":1694940813437,"duration":1046},"status":"passed","steps":[],"attachments":[],"parameters":[{"name":"element","value":"[[io.appium.java_client.windows.WindowsDriver, Capabilities: {app=Microsoft.WindowsCalculator_8wekyb3d8bbwe!App, javascriptEnabled=true, platform=WINDOWS, platformName=Windows}] -> name: שווה]"}],"stepsCount":0,"hasContent":true,"shouldDisplayMessage":false,"attachmentsCount":0}],"attachments":[],"parameters":[{"name":"elem1","value":"[[io.appium.java_client.windows.WindowsDriver, Capabilities: {app=Microsoft.WindowsCalculator_8wekyb3d8bbwe!App, javascriptEnabled=true, platform=WINDOWS, platformName=Windows}] -> name: אחת]"},{"name":"elem2","value":"[[io.appium.java_client.windows.WindowsDriver, Capabilities: {app=Microsoft.WindowsCalculator_8wekyb3d8bbwe!App, javascriptEnabled=true, platform=WINDOWS, platformName=Windows}] -> name: שלוש]"}],"stepsCount":5,"hasContent":true,"shouldDisplayMessage":false,"attachmentsCount":0},{"name":"Verify text in element","time":{"start":1694940814020,"stop":1694940815141,"duration":1121},"status":"failed","statusMessage":"expected [התצוגה היא 5] but found [התצוגה היא 4]","statusTrace":"java.lang.AssertionError: expected [התצוגה היא 5] but found [התצוגה היא 4]\r\n\tat org.testng.Assert.fail(Assert.java:99)\r\n\tat org.testng.Assert.failNotEquals(Assert.java:1037)\r\n\tat org.testng.Assert.assertEqualsImpl(Assert.java:140)\r\n\tat org.testng.Assert.assertEquals(Assert.java:122)\r\n\tat org.testng.Assert.assertEquals(Assert.java:629)\r\n\tat org.testng.Assert.assertEquals(Assert.java:639)\r\n\tat extensions.Verifications.verifyTextInElement(Verifications.java:26)\r\n\tat sanity.Calculator.test01_verifyAddTwoNumbers(Calculator.java:19)\r\n\tat sun.reflect.NativeMethodAccessorImpl.invoke0(Native Method)\r\n\tat sun.reflect.NativeMethodAccessorImpl.invoke(NativeMethodAccessorImpl.java:62)\r\n\tat sun.reflect.DelegatingMethodAccessorImpl.invoke(DelegatingMethodAccessorImpl.java:43)\r\n\tat java.lang.reflect.Method.invoke(Method.java:498)\r\n\tat org.testng.internal.MethodInvocationHelper.invokeMethod(MethodInvocationHelper.java:133)\r\n\tat org.testng.internal.TestInvoker.invokeMethod(TestInvoker.java:598)\r\n\tat org.testng.internal.TestInvoker.invokeTestMethod(TestInvoker.java:173)\r\n\tat org.testng.internal.MethodRunner.runInSequence(MethodRunner.java:46)\r\n\tat org.testng.internal.TestInvoker$MethodInvocationAgent.invoke(TestInvoker.java:824)\r\n\tat org.testng.internal.TestInvoker.invokeTestMethods(TestInvoker.java:146)\r\n\tat org.testng.internal.TestMethodWorker.invokeTestMethods(TestMethodWorker.java:146)\r\n\tat org.testng.internal.TestMethodWorker.run(TestMethodWorker.java:128)\r\n\tat java.util.ArrayList.forEach(ArrayList.java:1257)\r\n\tat org.testng.TestRunner.privateRun(TestRunner.java:794)\r\n\tat org.testng.TestRunner.run(TestRunner.java:596)\r\n\tat org.testng.SuiteRunner.runTest(SuiteRunner.java:377)\r\n\tat org.testng.SuiteRunner.runSequentially(SuiteRunner.java:371)\r\n\tat org.testng.SuiteRunner.privateRun(SuiteRunner.java:332)\r\n\tat org.testng.SuiteRunner.run(SuiteRunner.java:276)\r\n\tat org.testng.SuiteRunnerWorker.runSuite(SuiteRunnerWorker.java:53)\r\n\tat org.testng.SuiteRunnerWorker.run(SuiteRunnerWorker.java:96)\r\n\tat org.testng.TestNG.runSuitesSequentially(TestNG.java:1212)\r\n\tat org.testng.TestNG.runSuitesLocally(TestNG.java:1134)\r\n\tat org.testng.TestNG.runSuites(TestNG.java:1063)\r\n\tat org.testng.TestNG.run(TestNG.java:1031)\r\n\tat org.apache.maven.surefire.testng.TestNGExecutor.run(TestNGExecutor.java:283)\r\n\tat org.apache.maven.surefire.testng.TestNGXmlTestSuite.execute(TestNGXmlTestSuite.java:75)\r\n\tat org.apache.maven.surefire.testng.TestNGProvider.invoke(TestNGProvider.java:120)\r\n\tat org.apache.maven.surefire.booter.ForkedBooter.invokeProviderInSameClassLoader(ForkedBooter.java:384)\r\n\tat org.apache.maven.surefire.booter.ForkedBooter.runSuitesInProcess(ForkedBooter.java:345)\r\n\tat org.apache.maven.surefire.booter.ForkedBooter.execute(ForkedBooter.java:126)\r\n\tat org.apache.maven.surefire.booter.ForkedBooter.main(ForkedBooter.java:418)\r\n","steps":[],"attachments":[],"parameters":[{"name":"element","value":"[[io.appium.java_client.windows.WindowsDriver, Capabilities: {app=Microsoft.WindowsCalculator_8wekyb3d8bbwe!App, javascriptEnabled=true, platform=WINDOWS, platformName=Windows}] -> xpath: //*[@AutomationId='CalculatorResults']]"},{"name":"expectedText","value":"התצוגה היא 5"}],"stepsCount":0,"hasContent":true,"shouldDisplayMessage":true,"attachmentsCount":0}],"attachments":[{"uid":"cf88bfb654b893f1","name":"Page Screen-Shot","source":"cf88bfb654b893f1.png","type":"image/png","size":11963}],"parameters":[],"stepsCount":7,"hasContent":true,"shouldDisplayMessage":false,"attachmentsCount":1},"afterStages":[{"name":"afterMethod","time":{"start":1694940817396,"stop":1694940817396,"duration":0},"description":"","status":"passed","steps":[],"attachments":[],"parameters":[],"stepsCount":0,"hasContent":false,"shouldDisplayMessage":false,"attachmentsCount":0},{"name":"closeSession","time":{"start":1694940833296,"stop":1694940836405,"duration":3109},"description":"","status":"passed","steps":[],"attachments":[],"parameters":[],"stepsCount":0,"hasContent":false,"shouldDisplayMessage":false,"attachmentsCount":0}],"labels":[{"name":"package","value":"sanity.Calculator"},{"name":"testClass","value":"sanity.Calculator"},{"name":"testMethod","value":"test01_verifyAddTwoNumbers"},{"name":"parentSuite","value":"desktop Suite"},{"name":"suite","value":"desktop Tests"},{"name":"subSuite","value":"sanity.Calculator"},{"name":"host","value":"DESKTOP-DHGB96Q"},{"name":"thread","value":"12580@DESKTOP-DHGB96Q.main(1)"},{"name":"framework","value":"testng"},{"name":"language","value":"java"},{"name":"resultFormat","value":"allure2"}],"parameters":[{"name":"PlatformName","value":"desktop"}],"links":[],"hidden":true,"retry":true,"extra":{"categories":[],"tags":[]},"source":"9b535d5a9090824f.json","parameterValues":["desktop"]}