{"uid":"fb5b3d58371e9ec9","name":"Test01 - Verify addition","fullName":"sanity.Calculator.test01_verifyAddTwoNumbers","historyId":"8da386404980802a53cf25e601fa83f5","time":{"start":1694939627209,"stop":1694939638529,"duration":11320},"description":"This test verify number 1 + number 2","descriptionHtml":"<p>This test verify number 1 + number 2</p>\n","status":"failed","statusMessage":"expected [התצוגה היא 5] but found [התצוגה היא 4]","statusTrace":"java.lang.AssertionError: expected [התצוגה היא 5] but found [התצוגה היא 4]\r\n\tat org.testng.Assert.fail(Assert.java:99)\r\n\tat org.testng.Assert.failNotEquals(Assert.java:1037)\r\n\tat org.testng.Assert.assertEqualsImpl(Assert.java:140)\r\n\tat org.testng.Assert.assertEquals(Assert.java:122)\r\n\tat org.testng.Assert.assertEquals(Assert.java:629)\r\n\tat org.testng.Assert.assertEquals(Assert.java:639)\r\n\tat extensions.Verifications.verifyTextInElement(Verifications.java:26)\r\n\tat sanity.Calculator.test01_verifyAddTwoNumbers(Calculator.java:19)\r\n\tat sun.reflect.NativeMethodAccessorImpl.invoke0(Native Method)\r\n\tat sun.reflect.NativeMethodAccessorImpl.invoke(NativeMethodAccessorImpl.java:62)\r\n\tat sun.reflect.DelegatingMethodAccessorImpl.invoke(DelegatingMethodAccessorImpl.java:43)\r\n\tat java.lang.reflect.Method.invoke(Method.java:498)\r\n\tat org.testng.internal.MethodInvocationHelper.invokeMethod(MethodInvocationHelper.java:133)\r\n\tat org.testng.internal.TestInvoker.invokeMethod(TestInvoker.java:598)\r\n\tat org.testng.internal.TestInvoker.invokeTestMethod(TestInvoker.java:173)\r\n\tat org.testng.internal.MethodRunner.runInSequence(MethodRunner.java:46)\r\n\tat org.testng.internal.TestInvoker$MethodInvocationAgent.invoke(TestInvoker.java:824)\r\n\tat org.testng.internal.TestInvoker.invokeTestMethods(TestInvoker.java:146)\r\n\tat org.testng.internal.TestMethodWorker.invokeTestMethods(TestMethodWorker.java:146)\r\n\tat org.testng.internal.TestMethodWorker.run(TestMethodWorker.java:128)\r\n\tat java.util.ArrayList.forEach(ArrayList.java:1257)\r\n\tat org.testng.TestRunner.privateRun(TestRunner.java:794)\r\n\tat org.testng.TestRunner.run(TestRunner.java:596)\r\n\tat org.testng.SuiteRunner.runTest(SuiteRunner.java:377)\r\n\tat org.testng.SuiteRunner.runSequentially(SuiteRunner.java:371)\r\n\tat org.testng.SuiteRunner.privateRun(SuiteRunner.java:332)\r\n\tat org.testng.SuiteRunner.run(SuiteRunner.java:276)\r\n\tat org.testng.SuiteRunnerWorker.runSuite(SuiteRunnerWorker.java:53)\r\n\tat org.testng.SuiteRunnerWorker.run(SuiteRunnerWorker.java:96)\r\n\tat org.testng.TestNG.runSuitesSequentially(TestNG.java:1212)\r\n\tat org.testng.TestNG.runSuitesLocally(TestNG.java:1134)\r\n\tat org.testng.TestNG.runSuites(TestNG.java:1063)\r\n\tat org.testng.TestNG.run(TestNG.java:1031)\r\n\tat org.apache.maven.surefire.testng.TestNGExecutor.run(TestNGExecutor.java:283)\r\n\tat org.apache.maven.surefire.testng.TestNGXmlTestSuite.execute(TestNGXmlTestSuite.java:75)\r\n\tat org.apache.maven.surefire.testng.TestNGProvider.invoke(TestNGProvider.java:120)\r\n\tat org.apache.maven.surefire.booter.ForkedBooter.invokeProviderInSameClassLoader(ForkedBooter.java:384)\r\n\tat org.apache.maven.surefire.booter.ForkedBooter.runSuitesInProcess(ForkedBooter.java:345)\r\n\tat org.apache.maven.surefire.booter.ForkedBooter.execute(ForkedBooter.java:126)\r\n\tat org.apache.maven.surefire.booter.ForkedBooter.main(ForkedBooter.java:418)\r\n","flaky":false,"newFailed":false,"newBroken":false,"newPassed":false,"retriesCount":0,"retriesStatusChange":false,"beforeStages":[{"name":"startSession","time":{"start":1694939608976,"stop":1694939626370,"duration":17394},"description":"","status":"passed","steps":[],"attachments":[],"parameters":[],"shouldDisplayMessage":false,"attachmentsCount":0,"hasContent":false,"stepsCount":0},{"name":"beforeMethod","time":{"start":1694939626429,"stop":1694939626689,"duration":260},"description":"","status":"passed","steps":[],"attachments":[],"parameters":[],"shouldDisplayMessage":false,"attachmentsCount":0,"hasContent":false,"stepsCount":0}],"testStage":{"description":"This test verify number 1 + number 2","status":"failed","statusMessage":"expected [התצוגה היא 5] but found [התצוגה היא 4]","statusTrace":"java.lang.AssertionError: expected [התצוגה היא 5] but found [התצוגה היא 4]\r\n\tat org.testng.Assert.fail(Assert.java:99)\r\n\tat org.testng.Assert.failNotEquals(Assert.java:1037)\r\n\tat org.testng.Assert.assertEqualsImpl(Assert.java:140)\r\n\tat org.testng.Assert.assertEquals(Assert.java:122)\r\n\tat org.testng.Assert.assertEquals(Assert.java:629)\r\n\tat org.testng.Assert.assertEquals(Assert.java:639)\r\n\tat extensions.Verifications.verifyTextInElement(Verifications.java:26)\r\n\tat sanity.Calculator.test01_verifyAddTwoNumbers(Calculator.java:19)\r\n\tat sun.reflect.NativeMethodAccessorImpl.invoke0(Native Method)\r\n\tat sun.reflect.NativeMethodAccessorImpl.invoke(NativeMethodAccessorImpl.java:62)\r\n\tat sun.reflect.DelegatingMethodAccessorImpl.invoke(DelegatingMethodAccessorImpl.java:43)\r\n\tat java.lang.reflect.Method.invoke(Method.java:498)\r\n\tat org.testng.internal.MethodInvocationHelper.invokeMethod(MethodInvocationHelper.java:133)\r\n\tat org.testng.internal.TestInvoker.invokeMethod(TestInvoker.java:598)\r\n\tat org.testng.internal.TestInvoker.invokeTestMethod(TestInvoker.java:173)\r\n\tat org.testng.internal.MethodRunner.runInSequence(MethodRunner.java:46)\r\n\tat org.testng.internal.TestInvoker$MethodInvocationAgent.invoke(TestInvoker.java:824)\r\n\tat org.testng.internal.TestInvoker.invokeTestMethods(TestInvoker.java:146)\r\n\tat org.testng.internal.TestMethodWorker.invokeTestMethods(TestMethodWorker.java:146)\r\n\tat org.testng.internal.TestMethodWorker.run(TestMethodWorker.java:128)\r\n\tat java.util.ArrayList.forEach(ArrayList.java:1257)\r\n\tat org.testng.TestRunner.privateRun(TestRunner.java:794)\r\n\tat org.testng.TestRunner.run(TestRunner.java:596)\r\n\tat org.testng.SuiteRunner.runTest(SuiteRunner.java:377)\r\n\tat org.testng.SuiteRunner.runSequentially(SuiteRunner.java:371)\r\n\tat org.testng.SuiteRunner.privateRun(SuiteRunner.java:332)\r\n\tat org.testng.SuiteRunner.run(SuiteRunner.java:276)\r\n\tat org.testng.SuiteRunnerWorker.runSuite(SuiteRunnerWorker.java:53)\r\n\tat org.testng.SuiteRunnerWorker.run(SuiteRunnerWorker.java:96)\r\n\tat org.testng.TestNG.runSuitesSequentially(TestNG.java:1212)\r\n\tat org.testng.TestNG.runSuitesLocally(TestNG.java:1134)\r\n\tat org.testng.TestNG.runSuites(TestNG.java:1063)\r\n\tat org.testng.TestNG.run(TestNG.java:1031)\r\n\tat org.apache.maven.surefire.testng.TestNGExecutor.run(TestNGExecutor.java:283)\r\n\tat org.apache.maven.surefire.testng.TestNGXmlTestSuite.execute(TestNGXmlTestSuite.java:75)\r\n\tat org.apache.maven.surefire.testng.TestNGProvider.invoke(TestNGProvider.java:120)\r\n\tat org.apache.maven.surefire.booter.ForkedBooter.invokeProviderInSameClassLoader(ForkedBooter.java:384)\r\n\tat org.apache.maven.surefire.booter.ForkedBooter.runSuitesInProcess(ForkedBooter.java:345)\r\n\tat org.apache.maven.surefire.booter.ForkedBooter.execute(ForkedBooter.java:126)\r\n\tat org.apache.maven.surefire.booter.ForkedBooter.main(ForkedBooter.java:418)\r\n","steps":[{"name":"calculate addition: number 1 + number 2","time":{"start":1694939628043,"stop":1694939634670,"duration":6627},"status":"passed","steps":[{"name":"Click on Element","time":{"start":1694939628310,"stop":1694939629839,"duration":1529},"status":"passed","steps":[],"attachments":[],"parameters":[{"name":"element","value":"[[io.appium.java_client.windows.WindowsDriver, Capabilities: {app=Microsoft.WindowsCalculator_8wekyb3d8bbwe!App, javascriptEnabled=true, platform=WINDOWS, platformName=Windows}] -> name: נקה]"}],"shouldDisplayMessage":false,"attachmentsCount":0,"hasContent":true,"stepsCount":0},{"name":"Click on Element","time":{"start":1694939630016,"stop":1694939631217,"duration":1201},"status":"passed","steps":[],"attachments":[],"parameters":[{"name":"element","value":"[[io.appium.java_client.windows.WindowsDriver, Capabilities: {app=Microsoft.WindowsCalculator_8wekyb3d8bbwe!App, javascriptEnabled=true, platform=WINDOWS, platformName=Windows}] -> name: אחת]"}],"shouldDisplayMessage":false,"attachmentsCount":0,"hasContent":true,"stepsCount":0},{"name":"Click on Element","time":{"start":1694939631350,"stop":1694939632363,"duration":1013},"status":"passed","steps":[],"attachments":[],"parameters":[{"name":"element","value":"[[io.appium.java_client.windows.WindowsDriver, Capabilities: {app=Microsoft.WindowsCalculator_8wekyb3d8bbwe!App, javascriptEnabled=true, platform=WINDOWS, platformName=Windows}] -> name: ועוד]"}],"shouldDisplayMessage":false,"attachmentsCount":0,"hasContent":true,"stepsCount":0},{"name":"Click on Element","time":{"start":1694939632531,"stop":1694939633549,"duration":1018},"status":"passed","steps":[],"attachments":[],"parameters":[{"name":"element","value":"[[io.appium.java_client.windows.WindowsDriver, Capabilities: {app=Microsoft.WindowsCalculator_8wekyb3d8bbwe!App, javascriptEnabled=true, platform=WINDOWS, platformName=Windows}] -> name: שלוש]"}],"shouldDisplayMessage":false,"attachmentsCount":0,"hasContent":true,"stepsCount":0},{"name":"Click on Element","time":{"start":1694939633711,"stop":1694939634670,"duration":959},"status":"passed","steps":[],"attachments":[],"parameters":[{"name":"element","value":"[[io.appium.java_client.windows.WindowsDriver, Capabilities: {app=Microsoft.WindowsCalculator_8wekyb3d8bbwe!App, javascriptEnabled=true, platform=WINDOWS, platformName=Windows}] -> name: שווה]"}],"shouldDisplayMessage":false,"attachmentsCount":0,"hasContent":true,"stepsCount":0}],"attachments":[],"parameters":[{"name":"elem1","value":"[[io.appium.java_client.windows.WindowsDriver, Capabilities: {app=Microsoft.WindowsCalculator_8wekyb3d8bbwe!App, javascriptEnabled=true, platform=WINDOWS, platformName=Windows}] -> name: אחת]"},{"name":"elem2","value":"[[io.appium.java_client.windows.WindowsDriver, Capabilities: {app=Microsoft.WindowsCalculator_8wekyb3d8bbwe!App, javascriptEnabled=true, platform=WINDOWS, platformName=Windows}] -> name: שלוש]"}],"shouldDisplayMessage":false,"attachmentsCount":0,"hasContent":true,"stepsCount":5},{"name":"Verify text in element","time":{"start":1694939635247,"stop":1694939636284,"duration":1037},"status":"failed","statusMessage":"expected [התצוגה היא 5] but found [התצוגה היא 4]","statusTrace":"java.lang.AssertionError: expected [התצוגה היא 5] but found [התצוגה היא 4]\r\n\tat org.testng.Assert.fail(Assert.java:99)\r\n\tat org.testng.Assert.failNotEquals(Assert.java:1037)\r\n\tat org.testng.Assert.assertEqualsImpl(Assert.java:140)\r\n\tat org.testng.Assert.assertEquals(Assert.java:122)\r\n\tat org.testng.Assert.assertEquals(Assert.java:629)\r\n\tat org.testng.Assert.assertEquals(Assert.java:639)\r\n\tat extensions.Verifications.verifyTextInElement(Verifications.java:26)\r\n\tat sanity.Calculator.test01_verifyAddTwoNumbers(Calculator.java:19)\r\n\tat sun.reflect.NativeMethodAccessorImpl.invoke0(Native Method)\r\n\tat sun.reflect.NativeMethodAccessorImpl.invoke(NativeMethodAccessorImpl.java:62)\r\n\tat sun.reflect.DelegatingMethodAccessorImpl.invoke(DelegatingMethodAccessorImpl.java:43)\r\n\tat java.lang.reflect.Method.invoke(Method.java:498)\r\n\tat org.testng.internal.MethodInvocationHelper.invokeMethod(MethodInvocationHelper.java:133)\r\n\tat org.testng.internal.TestInvoker.invokeMethod(TestInvoker.java:598)\r\n\tat org.testng.internal.TestInvoker.invokeTestMethod(TestInvoker.java:173)\r\n\tat org.testng.internal.MethodRunner.runInSequence(MethodRunner.java:46)\r\n\tat org.testng.internal.TestInvoker$MethodInvocationAgent.invoke(TestInvoker.java:824)\r\n\tat org.testng.internal.TestInvoker.invokeTestMethods(TestInvoker.java:146)\r\n\tat org.testng.internal.TestMethodWorker.invokeTestMethods(TestMethodWorker.java:146)\r\n\tat org.testng.internal.TestMethodWorker.run(TestMethodWorker.java:128)\r\n\tat java.util.ArrayList.forEach(ArrayList.java:1257)\r\n\tat org.testng.TestRunner.privateRun(TestRunner.java:794)\r\n\tat org.testng.TestRunner.run(TestRunner.java:596)\r\n\tat org.testng.SuiteRunner.runTest(SuiteRunner.java:377)\r\n\tat org.testng.SuiteRunner.runSequentially(SuiteRunner.java:371)\r\n\tat org.testng.SuiteRunner.privateRun(SuiteRunner.java:332)\r\n\tat org.testng.SuiteRunner.run(SuiteRunner.java:276)\r\n\tat org.testng.SuiteRunnerWorker.runSuite(SuiteRunnerWorker.java:53)\r\n\tat org.testng.SuiteRunnerWorker.run(SuiteRunnerWorker.java:96)\r\n\tat org.testng.TestNG.runSuitesSequentially(TestNG.java:1212)\r\n\tat org.testng.TestNG.runSuitesLocally(TestNG.java:1134)\r\n\tat org.testng.TestNG.runSuites(TestNG.java:1063)\r\n\tat org.testng.TestNG.run(TestNG.java:1031)\r\n\tat org.apache.maven.surefire.testng.TestNGExecutor.run(TestNGExecutor.java:283)\r\n\tat org.apache.maven.surefire.testng.TestNGXmlTestSuite.execute(TestNGXmlTestSuite.java:75)\r\n\tat org.apache.maven.surefire.testng.TestNGProvider.invoke(TestNGProvider.java:120)\r\n\tat org.apache.maven.surefire.booter.ForkedBooter.invokeProviderInSameClassLoader(ForkedBooter.java:384)\r\n\tat org.apache.maven.surefire.booter.ForkedBooter.runSuitesInProcess(ForkedBooter.java:345)\r\n\tat org.apache.maven.surefire.booter.ForkedBooter.execute(ForkedBooter.java:126)\r\n\tat org.apache.maven.surefire.booter.ForkedBooter.main(ForkedBooter.java:418)\r\n","steps":[],"attachments":[],"parameters":[{"name":"element","value":"[[io.appium.java_client.windows.WindowsDriver, Capabilities: {app=Microsoft.WindowsCalculator_8wekyb3d8bbwe!App, javascriptEnabled=true, platform=WINDOWS, platformName=Windows}] -> xpath: //*[@AutomationId='CalculatorResults']]"},{"name":"expectedText","value":"התצוגה היא 5"}],"shouldDisplayMessage":true,"attachmentsCount":0,"hasContent":true,"stepsCount":0}],"attachments":[{"uid":"9299c7e56db1c017","name":"Page Screen-Shot","source":"9299c7e56db1c017.png","type":"image/png","size":11862}],"parameters":[],"shouldDisplayMessage":false,"attachmentsCount":1,"hasContent":true,"stepsCount":7},"afterStages":[{"name":"afterMethod","time":{"start":1694939638557,"stop":1694939638557,"duration":0},"description":"","status":"passed","steps":[],"attachments":[],"parameters":[],"shouldDisplayMessage":false,"attachmentsCount":0,"hasContent":false,"stepsCount":0},{"name":"closeSession","time":{"start":1694939658776,"stop":1694939661955,"duration":3179},"description":"","status":"passed","steps":[],"attachments":[],"parameters":[],"shouldDisplayMessage":false,"attachmentsCount":0,"hasContent":false,"stepsCount":0}],"labels":[{"name":"package","value":"sanity.Calculator"},{"name":"testClass","value":"sanity.Calculator"},{"name":"testMethod","value":"test01_verifyAddTwoNumbers"},{"name":"parentSuite","value":"desktop Suite"},{"name":"suite","value":"desktop Tests"},{"name":"subSuite","value":"sanity.Calculator"},{"name":"host","value":"DESKTOP-DHGB96Q"},{"name":"thread","value":"11528@DESKTOP-DHGB96Q.main(1)"},{"name":"framework","value":"testng"},{"name":"language","value":"java"},{"name":"resultFormat","value":"allure2"}],"parameters":[{"name":"PlatformName","value":"desktop"}],"links":[],"hidden":true,"retry":true,"extra":{"categories":[],"tags":[]},"source":"fb5b3d58371e9ec9.json","parameterValues":["desktop"]}